<?xml version="1.0" encoding="UTF-8"?>
<!-- Generated by org.testng.reporters.JUnitXMLReporter -->
<testsuite hostname="IVY-DT-1104" name="USM_Location Test" tests="7" failures="0" timestamp="1 Mar 2016 07:45:43 GMT" time="10.368" errors="0">
  <testcase name="test1" time="0.003" classname="org.Demo.USM_Location">
    <skipped/>
  </testcase> <!-- test1 -->
  <testcase name="test1" time="10.144" classname="org.Demo.USM_Location"/>
  <testcase name="test1" time="0.0" classname="org.Demo.USM_Location">
    <skipped/>
  </testcase> <!-- test1 -->
  <testcase name="test1" time="0.0" classname="org.Demo.USM_Location">
    <skipped/>
  </testcase> <!-- test1 -->
  <testcase name="test1" time="0.0" classname="org.Demo.USM_Location">
    <skipped/>
  </testcase> <!-- test1 -->
  <testcase name="test1" time="0.0" classname="org.Demo.USM_Location">
    <skipped/>
  </testcase> <!-- test1 -->
  <testcase name="test1" time="0.001" classname="org.Demo.USM_Location">
    <skipped/>
  </testcase> <!-- test1 -->
</testsuite> <!-- USM_Location Test -->
