<?xml version="1.0" encoding="UTF-8"?>
<!-- Generated by org.testng.reporters.JUnitXMLReporter -->
<testsuite hostname="IVY-DT-1104" name="OPM_SM_SL_TC_01 Test" tests="5" failures="0" timestamp="26 Feb 2016 06:15:29 GMT" time="117.059" errors="0">
  <testcase name="test1" time="116.849" classname="org.ivymobility.com.StoreManagement.OPM_SM_SL_TC_01"/>
  <testcase name="test1" time="0.0" classname="org.ivymobility.com.StoreManagement.OPM_SM_SL_TC_01">
    <skipped/>
  </testcase> <!-- test1 -->
  <testcase name="test1" time="0.0" classname="org.ivymobility.com.StoreManagement.OPM_SM_SL_TC_01">
    <skipped/>
  </testcase> <!-- test1 -->
  <testcase name="test1" time="0.001" classname="org.ivymobility.com.StoreManagement.OPM_SM_SL_TC_01">
    <skipped/>
  </testcase> <!-- test1 -->
  <testcase name="test1" time="0.0" classname="org.ivymobility.com.StoreManagement.OPM_SM_SL_TC_01">
    <skipped/>
  </testcase> <!-- test1 -->
</testsuite> <!-- OPM_SM_SL_TC_01 Test -->
