<?xml version="1.0" encoding="UTF-8"?>
<!-- Generated by org.testng.reporters.JUnitXMLReporter -->
<testsuite hostname="IVY-DT-1104" name="ToVerifyMakeActivae_PL_LL_TC_10 Test" tests="3" failures="0" timestamp="26 Feb 2016 06:13:31 GMT" time="0.038" errors="0">
  <testcase name="@BeforeTest checkTestSkip" time="0.0" classname="org.ivymobility.com.StoreManagement.ToVerifyMakeActivae_PL_LL_TC_10">
    <skipped/>
  </testcase> <!-- @BeforeTest checkTestSkip -->
  <testcase name="@AfterMethod reportDatasetResult" time="0.0" classname="org.ivymobility.com.StoreManagement.ToVerifyMakeActivae_PL_LL_TC_10">
    <skipped/>
  </testcase> <!-- @AfterMethod reportDatasetResult -->
  <testcase name="@AfterMethod reportDatasetResult" time="0.0" classname="org.ivymobility.com.StoreManagement.ToVerifyMakeActivae_PL_LL_TC_10">
    <skipped/>
  </testcase> <!-- @AfterMethod reportDatasetResult -->
  <testcase name="@AfterMethod reportDatasetResult" time="0.0" classname="org.ivymobility.com.StoreManagement.ToVerifyMakeActivae_PL_LL_TC_10">
    <skipped/>
  </testcase> <!-- @AfterMethod reportDatasetResult -->
  <testcase name="@AfterTest reportTestResult" time="0.0" classname="org.ivymobility.com.StoreManagement.ToVerifyMakeActivae_PL_LL_TC_10">
    <skipped/>
  </testcase> <!-- @AfterTest reportTestResult -->
  <testcase name="test1" time="0.0" classname="org.ivymobility.com.StoreManagement.ToVerifyMakeActivae_PL_LL_TC_10">
    <skipped/>
  </testcase> <!-- test1 -->
  <testcase name="test1" time="0.0" classname="org.ivymobility.com.StoreManagement.ToVerifyMakeActivae_PL_LL_TC_10">
    <skipped/>
  </testcase> <!-- test1 -->
  <testcase name="test1" time="0.001" classname="org.ivymobility.com.StoreManagement.ToVerifyMakeActivae_PL_LL_TC_10">
    <skipped/>
  </testcase> <!-- test1 -->
</testsuite> <!-- ToVerifyMakeActivae_PL_LL_TC_10 Test -->
