<?xml version="1.0" encoding="UTF-8"?>
<!-- Generated by org.testng.reporters.JUnitXMLReporter -->
<testsuite hostname="IVY-DT-1104" name="ToVerifySearchScreen_PL_LL_TC_11 Test" tests="1" failures="0" timestamp="26 Feb 2016 06:13:31 GMT" time="0.006" errors="0">
  <testcase name="@BeforeTest checkTestSkip" time="0.0" classname="org.ivymobility.com.StoreManagement.ToVerifySearchScreen_PL_LL_TC_11">
    <skipped/>
  </testcase> <!-- @BeforeTest checkTestSkip -->
  <testcase name="@AfterMethod reportDatasetResult" time="0.0" classname="org.ivymobility.com.StoreManagement.ToVerifySearchScreen_PL_LL_TC_11">
    <skipped/>
  </testcase> <!-- @AfterMethod reportDatasetResult -->
  <testcase name="@AfterTest reportTestResult" time="0.0" classname="org.ivymobility.com.StoreManagement.ToVerifySearchScreen_PL_LL_TC_11">
    <skipped/>
  </testcase> <!-- @AfterTest reportTestResult -->
  <testcase name="test1" time="0.001" classname="org.ivymobility.com.StoreManagement.ToVerifySearchScreen_PL_LL_TC_11">
    <skipped/>
  </testcase> <!-- test1 -->
</testsuite> <!-- ToVerifySearchScreen_PL_LL_TC_11 Test -->
