<?xml version="1.0" encoding="UTF-8"?>
<!-- Generated by org.testng.reporters.JUnitXMLReporter -->
<testsuite hostname="IVY-DT-1104" name="ToVerifyDeactivate_SM_LL_TC_09 Test" tests="5" failures="0" timestamp="26 Feb 2016 06:13:31 GMT" time="0.036" errors="0">
  <testcase name="@BeforeTest checkTestSkip" time="0.0" classname="org.ivymobility.com.StoreManagement.ToVerifyDeactivate_SM_LL_TC_09">
    <skipped/>
  </testcase> <!-- @BeforeTest checkTestSkip -->
  <testcase name="@AfterMethod reportDatasetResult" time="0.0" classname="org.ivymobility.com.StoreManagement.ToVerifyDeactivate_SM_LL_TC_09">
    <skipped/>
  </testcase> <!-- @AfterMethod reportDatasetResult -->
  <testcase name="@AfterMethod reportDatasetResult" time="0.0" classname="org.ivymobility.com.StoreManagement.ToVerifyDeactivate_SM_LL_TC_09">
    <skipped/>
  </testcase> <!-- @AfterMethod reportDatasetResult -->
  <testcase name="@AfterMethod reportDatasetResult" time="0.0" classname="org.ivymobility.com.StoreManagement.ToVerifyDeactivate_SM_LL_TC_09">
    <skipped/>
  </testcase> <!-- @AfterMethod reportDatasetResult -->
  <testcase name="@AfterMethod reportDatasetResult" time="0.0" classname="org.ivymobility.com.StoreManagement.ToVerifyDeactivate_SM_LL_TC_09">
    <skipped/>
  </testcase> <!-- @AfterMethod reportDatasetResult -->
  <testcase name="@AfterMethod reportDatasetResult" time="0.0" classname="org.ivymobility.com.StoreManagement.ToVerifyDeactivate_SM_LL_TC_09">
    <skipped/>
  </testcase> <!-- @AfterMethod reportDatasetResult -->
  <testcase name="@AfterTest reportTestResult" time="0.0" classname="org.ivymobility.com.StoreManagement.ToVerifyDeactivate_SM_LL_TC_09">
    <skipped/>
  </testcase> <!-- @AfterTest reportTestResult -->
  <testcase name="test1" time="0.001" classname="org.ivymobility.com.StoreManagement.ToVerifyDeactivate_SM_LL_TC_09">
    <skipped/>
  </testcase> <!-- test1 -->
  <testcase name="test1" time="0.0" classname="org.ivymobility.com.StoreManagement.ToVerifyDeactivate_SM_LL_TC_09">
    <skipped/>
  </testcase> <!-- test1 -->
  <testcase name="test1" time="0.0" classname="org.ivymobility.com.StoreManagement.ToVerifyDeactivate_SM_LL_TC_09">
    <skipped/>
  </testcase> <!-- test1 -->
  <testcase name="test1" time="0.008" classname="org.ivymobility.com.StoreManagement.ToVerifyDeactivate_SM_LL_TC_09">
    <skipped/>
  </testcase> <!-- test1 -->
  <testcase name="test1" time="0.0" classname="org.ivymobility.com.StoreManagement.ToVerifyDeactivate_SM_LL_TC_09">
    <skipped/>
  </testcase> <!-- test1 -->
</testsuite> <!-- ToVerifyDeactivate_SM_LL_TC_09 Test -->
