<?xml version="1.0" encoding="UTF-8"?>
<!-- Generated by org.testng.reporters.JUnitXMLReporter -->
<testsuite hostname="DESKTOP-38OR8B2" name="Default test" tests="10" failures="0" timestamp="21 Aug 2016 14:38:50 GMT" time="70.145" errors="0">
  <testcase name="test1" time="0.01" classname="org.ivymobility.com.PriceGroups.PM_PG_TC_02_ToveifyADDfunction">
    <skipped/>
  </testcase> <!-- test1 -->
  <testcase name="test1" time="0.007" classname="org.ivymobility.com.PriceGroups.PM_PG_TC_02_ToveifyADDfunction">
    <skipped/>
  </testcase> <!-- test1 -->
  <testcase name="test1" time="0.003" classname="org.ivymobility.com.PriceGroups.PM_PG_TC_02_ToveifyADDfunction">
    <skipped/>
  </testcase> <!-- test1 -->
  <testcase name="test1" time="0.003" classname="org.ivymobility.com.PriceGroups.PM_PG_TC_02_ToveifyADDfunction">
    <skipped/>
  </testcase> <!-- test1 -->
  <testcase name="test1" time="0.003" classname="org.ivymobility.com.PriceGroups.PM_PG_TC_02_ToveifyADDfunction">
    <skipped/>
  </testcase> <!-- test1 -->
  <testcase name="test1" time="68.63" classname="org.ivymobility.com.PriceGroups.PM_PG_TC_02_ToveifyADDfunction"/>
  <testcase name="test1" time="0.003" classname="org.ivymobility.com.PriceGroups.PM_PG_TC_02_ToveifyADDfunction">
    <skipped/>
  </testcase> <!-- test1 -->
  <testcase name="test1" time="0.004" classname="org.ivymobility.com.PriceGroups.PM_PG_TC_02_ToveifyADDfunction">
    <skipped/>
  </testcase> <!-- test1 -->
  <testcase name="test1" time="0.003" classname="org.ivymobility.com.PriceGroups.PM_PG_TC_02_ToveifyADDfunction">
    <skipped/>
  </testcase> <!-- test1 -->
  <testcase name="test1" time="0.003" classname="org.ivymobility.com.PriceGroups.PM_PG_TC_02_ToveifyADDfunction">
    <skipped/>
  </testcase> <!-- test1 -->
</testsuite> <!-- Default test -->
