<?xml version="1.0" encoding="UTF-8"?>
<!-- Generated by org.testng.reporters.JUnitXMLReporter -->
<testsuite hostname="IVY-DT-1104" name="PGM_LL_TC_01_ToverifySAVE Test" tests="10" failures="0" timestamp="25 Feb 2016 14:06:59 GMT" time="8.673" errors="0">
  <testcase name="test1" time="8.497" classname="org.ivymobility.com.PriceGroups.PGM_LL_TC_01_ToverifySAVE"/>
  <testcase name="test1" time="0.0" classname="org.ivymobility.com.PriceGroups.PGM_LL_TC_01_ToverifySAVE">
    <skipped/>
  </testcase> <!-- test1 -->
  <testcase name="test1" time="0.0" classname="org.ivymobility.com.PriceGroups.PGM_LL_TC_01_ToverifySAVE">
    <skipped/>
  </testcase> <!-- test1 -->
  <testcase name="test1" time="0.0" classname="org.ivymobility.com.PriceGroups.PGM_LL_TC_01_ToverifySAVE">
    <skipped/>
  </testcase> <!-- test1 -->
  <testcase name="test1" time="0.001" classname="org.ivymobility.com.PriceGroups.PGM_LL_TC_01_ToverifySAVE">
    <skipped/>
  </testcase> <!-- test1 -->
  <testcase name="test1" time="0.001" classname="org.ivymobility.com.PriceGroups.PGM_LL_TC_01_ToverifySAVE">
    <skipped/>
  </testcase> <!-- test1 -->
  <testcase name="test1" time="0.0" classname="org.ivymobility.com.PriceGroups.PGM_LL_TC_01_ToverifySAVE">
    <skipped/>
  </testcase> <!-- test1 -->
  <testcase name="test1" time="0.0" classname="org.ivymobility.com.PriceGroups.PGM_LL_TC_01_ToverifySAVE">
    <skipped/>
  </testcase> <!-- test1 -->
  <testcase name="test1" time="0.0" classname="org.ivymobility.com.PriceGroups.PGM_LL_TC_01_ToverifySAVE">
    <skipped/>
  </testcase> <!-- test1 -->
  <testcase name="test1" time="0.0" classname="org.ivymobility.com.PriceGroups.PGM_LL_TC_01_ToverifySAVE">
    <skipped/>
  </testcase> <!-- test1 -->
</testsuite> <!-- PGM_LL_TC_01_ToverifySAVE Test -->
