<?xml version="1.0" encoding="UTF-8"?>
<!-- Generated by org.testng.reporters.JUnitXMLReporter -->
<testsuite hostname="IVY-DT-1104" name="PM_PG_TC_04_ToverifyDELETE Test" tests="10" failures="0" timestamp="25 Feb 2016 14:06:38 GMT" time="14.047" errors="0">
  <testcase name="test1" time="13.921" classname="org.ivymobility.com.PriceGroups.PM_PG_TC_04_ToverifyDELETE"/>
  <testcase name="test1" time="0.0" classname="org.ivymobility.com.PriceGroups.PM_PG_TC_04_ToverifyDELETE">
    <skipped/>
  </testcase> <!-- test1 -->
  <testcase name="test1" time="0.001" classname="org.ivymobility.com.PriceGroups.PM_PG_TC_04_ToverifyDELETE">
    <skipped/>
  </testcase> <!-- test1 -->
  <testcase name="test1" time="0.001" classname="org.ivymobility.com.PriceGroups.PM_PG_TC_04_ToverifyDELETE">
    <skipped/>
  </testcase> <!-- test1 -->
  <testcase name="test1" time="0.0" classname="org.ivymobility.com.PriceGroups.PM_PG_TC_04_ToverifyDELETE">
    <skipped/>
  </testcase> <!-- test1 -->
  <testcase name="test1" time="0.001" classname="org.ivymobility.com.PriceGroups.PM_PG_TC_04_ToverifyDELETE">
    <skipped/>
  </testcase> <!-- test1 -->
  <testcase name="test1" time="0.0" classname="org.ivymobility.com.PriceGroups.PM_PG_TC_04_ToverifyDELETE">
    <skipped/>
  </testcase> <!-- test1 -->
  <testcase name="test1" time="0.0" classname="org.ivymobility.com.PriceGroups.PM_PG_TC_04_ToverifyDELETE">
    <skipped/>
  </testcase> <!-- test1 -->
  <testcase name="test1" time="0.001" classname="org.ivymobility.com.PriceGroups.PM_PG_TC_04_ToverifyDELETE">
    <skipped/>
  </testcase> <!-- test1 -->
  <testcase name="test1" time="0.0" classname="org.ivymobility.com.PriceGroups.PM_PG_TC_04_ToverifyDELETE">
    <skipped/>
  </testcase> <!-- test1 -->
</testsuite> <!-- PM_PG_TC_04_ToverifyDELETE Test -->
