<?xml version="1.0" encoding="UTF-8"?>
<!-- Generated by org.testng.reporters.JUnitXMLReporter -->
<testsuite hostname="IVY-DT-1104" name="PM_PG_TC_03_ToverifyEDIT Test" tests="10" failures="0" timestamp="25 Feb 2016 14:06:24 GMT" time="16.225" errors="0">
  <testcase name="test1" time="0.0" classname="org.ivymobility.com.PriceGroups.PM_PG_TC_03_ToverifyEDIT">
    <skipped/>
  </testcase> <!-- test1 -->
  <testcase name="test1" time="16.083" classname="org.ivymobility.com.PriceGroups.PM_PG_TC_03_ToverifyEDIT"/>
  <testcase name="test1" time="0.0" classname="org.ivymobility.com.PriceGroups.PM_PG_TC_03_ToverifyEDIT">
    <skipped/>
  </testcase> <!-- test1 -->
  <testcase name="test1" time="0.0" classname="org.ivymobility.com.PriceGroups.PM_PG_TC_03_ToverifyEDIT">
    <skipped/>
  </testcase> <!-- test1 -->
  <testcase name="test1" time="0.001" classname="org.ivymobility.com.PriceGroups.PM_PG_TC_03_ToverifyEDIT">
    <skipped/>
  </testcase> <!-- test1 -->
  <testcase name="test1" time="0.001" classname="org.ivymobility.com.PriceGroups.PM_PG_TC_03_ToverifyEDIT">
    <skipped/>
  </testcase> <!-- test1 -->
  <testcase name="test1" time="0.0" classname="org.ivymobility.com.PriceGroups.PM_PG_TC_03_ToverifyEDIT">
    <skipped/>
  </testcase> <!-- test1 -->
  <testcase name="test1" time="0.0" classname="org.ivymobility.com.PriceGroups.PM_PG_TC_03_ToverifyEDIT">
    <skipped/>
  </testcase> <!-- test1 -->
  <testcase name="test1" time="0.001" classname="org.ivymobility.com.PriceGroups.PM_PG_TC_03_ToverifyEDIT">
    <skipped/>
  </testcase> <!-- test1 -->
  <testcase name="test1" time="0.001" classname="org.ivymobility.com.PriceGroups.PM_PG_TC_03_ToverifyEDIT">
    <skipped/>
  </testcase> <!-- test1 -->
</testsuite> <!-- PM_PG_TC_03_ToverifyEDIT Test -->
