<?xml version="1.0" encoding="UTF-8"?>
<!-- Generated by org.testng.reporters.JUnitXMLReporter -->
<testsuite hostname="IVY-DT-1104" name="ToVerifyAddscreen_PM_PG_TC_01 Test" tests="1" failures="0" timestamp="19 Feb 2016 13:45:15 GMT" time="0.025" errors="0">
  <testcase name="@BeforeTest checkTestSkip" time="0.0" classname="org.ivymobility.com.PriceGroups.ToVerifyAddscreen_PM_PG_TC_01">
    <skipped/>
  </testcase> <!-- @BeforeTest checkTestSkip -->
  <testcase name="@AfterMethod reportDatasetResult" time="0.0" classname="org.ivymobility.com.PriceGroups.ToVerifyAddscreen_PM_PG_TC_01">
    <skipped/>
  </testcase> <!-- @AfterMethod reportDatasetResult -->
  <testcase name="@AfterTest reportTestResult" time="0.0" classname="org.ivymobility.com.PriceGroups.ToVerifyAddscreen_PM_PG_TC_01">
    <skipped/>
  </testcase> <!-- @AfterTest reportTestResult -->
  <testcase name="test1" time="0.001" classname="org.ivymobility.com.PriceGroups.ToVerifyAddscreen_PM_PG_TC_01">
    <skipped/>
  </testcase> <!-- test1 -->
</testsuite> <!-- ToVerifyAddscreen_PM_PG_TC_01 Test -->
