<?xml version="1.0" encoding="UTF-8"?>
<!-- Generated by org.testng.reporters.JUnitXMLReporter -->
<testsuite hostname="IVY-DT-1104" name="Sample_002 Test" tests="10" failures="0" timestamp="12 Feb 2016 05:54:47 GMT" time="0.019" errors="0">
  <testcase name="@BeforeTest checkTestSkip" time="0.0" classname="org.ivymobility.com.sample.Sample_002">
    <skipped/>
  </testcase> <!-- @BeforeTest checkTestSkip -->
  <testcase name="@AfterMethod reportDatasetResult" time="0.0" classname="org.ivymobility.com.sample.Sample_002">
    <skipped/>
  </testcase> <!-- @AfterMethod reportDatasetResult -->
  <testcase name="@AfterMethod reportDatasetResult" time="0.0" classname="org.ivymobility.com.sample.Sample_002">
    <skipped/>
  </testcase> <!-- @AfterMethod reportDatasetResult -->
  <testcase name="@AfterMethod reportDatasetResult" time="0.0" classname="org.ivymobility.com.sample.Sample_002">
    <skipped/>
  </testcase> <!-- @AfterMethod reportDatasetResult -->
  <testcase name="@AfterMethod reportDatasetResult" time="0.0" classname="org.ivymobility.com.sample.Sample_002">
    <skipped/>
  </testcase> <!-- @AfterMethod reportDatasetResult -->
  <testcase name="@AfterMethod reportDatasetResult" time="0.0" classname="org.ivymobility.com.sample.Sample_002">
    <skipped/>
  </testcase> <!-- @AfterMethod reportDatasetResult -->
  <testcase name="@AfterMethod reportDatasetResult" time="0.0" classname="org.ivymobility.com.sample.Sample_002">
    <skipped/>
  </testcase> <!-- @AfterMethod reportDatasetResult -->
  <testcase name="@AfterMethod reportDatasetResult" time="0.0" classname="org.ivymobility.com.sample.Sample_002">
    <skipped/>
  </testcase> <!-- @AfterMethod reportDatasetResult -->
  <testcase name="@AfterMethod reportDatasetResult" time="0.0" classname="org.ivymobility.com.sample.Sample_002">
    <skipped/>
  </testcase> <!-- @AfterMethod reportDatasetResult -->
  <testcase name="@AfterMethod reportDatasetResult" time="0.0" classname="org.ivymobility.com.sample.Sample_002">
    <skipped/>
  </testcase> <!-- @AfterMethod reportDatasetResult -->
  <testcase name="@AfterMethod reportDatasetResult" time="0.0" classname="org.ivymobility.com.sample.Sample_002">
    <skipped/>
  </testcase> <!-- @AfterMethod reportDatasetResult -->
  <testcase name="@AfterTest reportTestResult" time="0.0" classname="org.ivymobility.com.sample.Sample_002">
    <skipped/>
  </testcase> <!-- @AfterTest reportTestResult -->
  <testcase name="sampleTes2" time="0.0" classname="org.ivymobility.com.sample.Sample_002">
    <skipped/>
  </testcase> <!-- sampleTes2 -->
  <testcase name="sampleTes2" time="0.001" classname="org.ivymobility.com.sample.Sample_002">
    <skipped/>
  </testcase> <!-- sampleTes2 -->
  <testcase name="sampleTes2" time="0.0" classname="org.ivymobility.com.sample.Sample_002">
    <skipped/>
  </testcase> <!-- sampleTes2 -->
  <testcase name="sampleTes2" time="0.0" classname="org.ivymobility.com.sample.Sample_002">
    <skipped/>
  </testcase> <!-- sampleTes2 -->
  <testcase name="sampleTes2" time="0.001" classname="org.ivymobility.com.sample.Sample_002">
    <skipped/>
  </testcase> <!-- sampleTes2 -->
  <testcase name="sampleTes2" time="0.0" classname="org.ivymobility.com.sample.Sample_002">
    <skipped/>
  </testcase> <!-- sampleTes2 -->
  <testcase name="sampleTes2" time="0.001" classname="org.ivymobility.com.sample.Sample_002">
    <skipped/>
  </testcase> <!-- sampleTes2 -->
  <testcase name="sampleTes2" time="0.0" classname="org.ivymobility.com.sample.Sample_002">
    <skipped/>
  </testcase> <!-- sampleTes2 -->
  <testcase name="sampleTes2" time="0.0" classname="org.ivymobility.com.sample.Sample_002">
    <skipped/>
  </testcase> <!-- sampleTes2 -->
  <testcase name="sampleTes2" time="0.001" classname="org.ivymobility.com.sample.Sample_002">
    <skipped/>
  </testcase> <!-- sampleTes2 -->
</testsuite> <!-- Sample_002 Test -->
