<?xml version="1.0" encoding="UTF-8"?>
<!-- Generated by org.testng.reporters.JUnitXMLReporter -->
<testsuite hostname="IVY-DT-1104" name="userManagement Test" tests="1" failures="0" timestamp="11 Feb 2016 05:15:58 GMT" time="0.012" errors="0">
  <testcase name="@BeforeSuite checkSuiteSkip" time="0.0" classname="org.ivymobility.com.usermanagementsuite.TestUserManagement">
    <skipped/>
  </testcase> <!-- @BeforeSuite checkSuiteSkip -->
  <testcase name="@BeforeTest checkTestSkip" time="0.0" classname="org.ivymobility.com.usermanagementsuite.TestUserManagement">
    <skipped/>
  </testcase> <!-- @BeforeTest checkTestSkip -->
  <testcase name="@AfterMethod reportDatasetResult" time="0.0" classname="org.ivymobility.com.usermanagementsuite.TestUserManagement">
    <skipped/>
  </testcase> <!-- @AfterMethod reportDatasetResult -->
  <testcase name="@AfterTest reportTestResult" time="0.0" classname="org.ivymobility.com.usermanagementsuite.TestUserManagement">
    <skipped/>
  </testcase> <!-- @AfterTest reportTestResult -->
  <testcase name="test1" time="0.0" classname="org.ivymobility.com.usermanagementsuite.TestUserManagement">
    <skipped/>
  </testcase> <!-- test1 -->
</testsuite> <!-- userManagement Test -->
