<?xml version="1.0" encoding="UTF-8"?>
<!-- Generated by org.testng.reporters.JUnitXMLReporter -->
<testsuite hostname="IVY-DT-1104" name="TM_TG_TC_01 Test" tests="1" failures="0" timestamp="26 Feb 2016 08:59:29 GMT" time="0.001" errors="0">
  <testcase name="@BeforeTest checkTestSkip" time="0.0" classname="org.ivymobility.com.TaxManagement.TM_TG_TC_01">
    <skipped/>
  </testcase> <!-- @BeforeTest checkTestSkip -->
  <testcase name="@AfterMethod reportDatasetResult" time="0.0" classname="org.ivymobility.com.TaxManagement.TM_TG_TC_01">
    <skipped/>
  </testcase> <!-- @AfterMethod reportDatasetResult -->
  <testcase name="@AfterTest reportTestResult" time="0.0" classname="org.ivymobility.com.TaxManagement.TM_TG_TC_01">
    <skipped/>
  </testcase> <!-- @AfterTest reportTestResult -->
  <testcase name="test1" time="0.0" classname="org.ivymobility.com.TaxManagement.TM_TG_TC_01">
    <skipped/>
  </testcase> <!-- test1 -->
</testsuite> <!-- TM_TG_TC_01 Test -->
