<?xml version="1.0" encoding="UTF-8"?>
<!-- Generated by org.testng.reporters.JUnitXMLReporter -->
<testsuite hostname="IVY-DT-1104" name="PT_FB_TC_06_ToverifyPCM Test" tests="10" failures="0" timestamp="25 Feb 2016 14:25:03 GMT" time="8.328" errors="0">
  <testcase name="test1" time="8.164" classname="org.ivymobility.com.ProductTagging.PT_FB_TC_06_ToverifyPCM"/>
  <testcase name="test1" time="0.0" classname="org.ivymobility.com.ProductTagging.PT_FB_TC_06_ToverifyPCM">
    <skipped/>
  </testcase> <!-- test1 -->
  <testcase name="test1" time="0.0" classname="org.ivymobility.com.ProductTagging.PT_FB_TC_06_ToverifyPCM">
    <skipped/>
  </testcase> <!-- test1 -->
  <testcase name="test1" time="0.0" classname="org.ivymobility.com.ProductTagging.PT_FB_TC_06_ToverifyPCM">
    <skipped/>
  </testcase> <!-- test1 -->
  <testcase name="test1" time="0.001" classname="org.ivymobility.com.ProductTagging.PT_FB_TC_06_ToverifyPCM">
    <skipped/>
  </testcase> <!-- test1 -->
  <testcase name="test1" time="0.001" classname="org.ivymobility.com.ProductTagging.PT_FB_TC_06_ToverifyPCM">
    <skipped/>
  </testcase> <!-- test1 -->
  <testcase name="test1" time="0.0" classname="org.ivymobility.com.ProductTagging.PT_FB_TC_06_ToverifyPCM">
    <skipped/>
  </testcase> <!-- test1 -->
  <testcase name="test1" time="0.001" classname="org.ivymobility.com.ProductTagging.PT_FB_TC_06_ToverifyPCM">
    <skipped/>
  </testcase> <!-- test1 -->
  <testcase name="test1" time="0.0" classname="org.ivymobility.com.ProductTagging.PT_FB_TC_06_ToverifyPCM">
    <skipped/>
  </testcase> <!-- test1 -->
  <testcase name="test1" time="0.0" classname="org.ivymobility.com.ProductTagging.PT_FB_TC_06_ToverifyPCM">
    <skipped/>
  </testcase> <!-- test1 -->
</testsuite> <!-- PT_FB_TC_06_ToverifyPCM Test -->
