<?xml version="1.0" encoding="UTF-8"?>
<!-- Generated by org.testng.reporters.JUnitXMLReporter -->
<testsuite hostname="IVY-DT-1104" name="PT_FB_TC_02_ToverifyADD Test" tests="10" failures="0" timestamp="25 Feb 2016 14:24:46 GMT" time="22.487" errors="0">
  <testcase name="test1" time="22.278" classname="org.ivymobility.com.ProductTagging.PT_FB_TC_02_ToverifyADD"/>
  <testcase name="test1" time="0.001" classname="org.ivymobility.com.ProductTagging.PT_FB_TC_02_ToverifyADD">
    <skipped/>
  </testcase> <!-- test1 -->
  <testcase name="test1" time="0.0" classname="org.ivymobility.com.ProductTagging.PT_FB_TC_02_ToverifyADD">
    <skipped/>
  </testcase> <!-- test1 -->
  <testcase name="test1" time="0.0" classname="org.ivymobility.com.ProductTagging.PT_FB_TC_02_ToverifyADD">
    <skipped/>
  </testcase> <!-- test1 -->
  <testcase name="test1" time="0.001" classname="org.ivymobility.com.ProductTagging.PT_FB_TC_02_ToverifyADD">
    <skipped/>
  </testcase> <!-- test1 -->
  <testcase name="test1" time="0.0" classname="org.ivymobility.com.ProductTagging.PT_FB_TC_02_ToverifyADD">
    <skipped/>
  </testcase> <!-- test1 -->
  <testcase name="test1" time="0.0" classname="org.ivymobility.com.ProductTagging.PT_FB_TC_02_ToverifyADD">
    <skipped/>
  </testcase> <!-- test1 -->
  <testcase name="test1" time="0.0" classname="org.ivymobility.com.ProductTagging.PT_FB_TC_02_ToverifyADD">
    <skipped/>
  </testcase> <!-- test1 -->
  <testcase name="test1" time="0.0" classname="org.ivymobility.com.ProductTagging.PT_FB_TC_02_ToverifyADD">
    <skipped/>
  </testcase> <!-- test1 -->
  <testcase name="test1" time="0.001" classname="org.ivymobility.com.ProductTagging.PT_FB_TC_02_ToverifyADD">
    <skipped/>
  </testcase> <!-- test1 -->
</testsuite> <!-- PT_FB_TC_02_ToverifyADD Test -->
