<?xml version="1.0" encoding="UTF-8"?>
<!-- Generated by org.testng.reporters.JUnitXMLReporter -->
<testsuite hostname="IVY-DT-1104" name="PT_MSL_TC_05_ToverifyGroupADD Test" tests="10" failures="0" timestamp="25 Feb 2016 14:23:16 GMT" time="8.243" errors="0">
  <testcase name="test1" time="8.034" classname="org.ivymobility.com.ProductTagging.PT_MSL_TC_05_ToverifyGroupADD"/>
  <testcase name="test1" time="0.001" classname="org.ivymobility.com.ProductTagging.PT_MSL_TC_05_ToverifyGroupADD">
    <skipped/>
  </testcase> <!-- test1 -->
  <testcase name="test1" time="0.0" classname="org.ivymobility.com.ProductTagging.PT_MSL_TC_05_ToverifyGroupADD">
    <skipped/>
  </testcase> <!-- test1 -->
  <testcase name="test1" time="0.001" classname="org.ivymobility.com.ProductTagging.PT_MSL_TC_05_ToverifyGroupADD">
    <skipped/>
  </testcase> <!-- test1 -->
  <testcase name="test1" time="0.001" classname="org.ivymobility.com.ProductTagging.PT_MSL_TC_05_ToverifyGroupADD">
    <skipped/>
  </testcase> <!-- test1 -->
  <testcase name="test1" time="0.001" classname="org.ivymobility.com.ProductTagging.PT_MSL_TC_05_ToverifyGroupADD">
    <skipped/>
  </testcase> <!-- test1 -->
  <testcase name="test1" time="0.0" classname="org.ivymobility.com.ProductTagging.PT_MSL_TC_05_ToverifyGroupADD">
    <skipped/>
  </testcase> <!-- test1 -->
  <testcase name="test1" time="0.0" classname="org.ivymobility.com.ProductTagging.PT_MSL_TC_05_ToverifyGroupADD">
    <skipped/>
  </testcase> <!-- test1 -->
  <testcase name="test1" time="0.0" classname="org.ivymobility.com.ProductTagging.PT_MSL_TC_05_ToverifyGroupADD">
    <skipped/>
  </testcase> <!-- test1 -->
  <testcase name="test1" time="0.0" classname="org.ivymobility.com.ProductTagging.PT_MSL_TC_05_ToverifyGroupADD">
    <skipped/>
  </testcase> <!-- test1 -->
</testsuite> <!-- PT_MSL_TC_05_ToverifyGroupADD Test -->
