<?xml version="1.0" encoding="UTF-8"?>
<!-- Generated by org.testng.reporters.JUnitXMLReporter -->
<testsuite hostname="IVY-DT-1104" name="PT_MSL_TC_10_ToverifyDELETE Test" tests="10" failures="0" timestamp="25 Feb 2016 14:24:21 GMT" time="26.8" errors="0">
  <testcase name="test1" time="26.613" classname="org.ivymobility.com.ProductTagging.PT_MSL_TC_10_ToverifyDELETE"/>
  <testcase name="test1" time="0.0" classname="org.ivymobility.com.ProductTagging.PT_MSL_TC_10_ToverifyDELETE">
    <skipped/>
  </testcase> <!-- test1 -->
  <testcase name="test1" time="0.0" classname="org.ivymobility.com.ProductTagging.PT_MSL_TC_10_ToverifyDELETE">
    <skipped/>
  </testcase> <!-- test1 -->
  <testcase name="test1" time="0.0" classname="org.ivymobility.com.ProductTagging.PT_MSL_TC_10_ToverifyDELETE">
    <skipped/>
  </testcase> <!-- test1 -->
  <testcase name="test1" time="0.0" classname="org.ivymobility.com.ProductTagging.PT_MSL_TC_10_ToverifyDELETE">
    <skipped/>
  </testcase> <!-- test1 -->
  <testcase name="test1" time="0.001" classname="org.ivymobility.com.ProductTagging.PT_MSL_TC_10_ToverifyDELETE">
    <skipped/>
  </testcase> <!-- test1 -->
  <testcase name="test1" time="0.0" classname="org.ivymobility.com.ProductTagging.PT_MSL_TC_10_ToverifyDELETE">
    <skipped/>
  </testcase> <!-- test1 -->
  <testcase name="test1" time="0.0" classname="org.ivymobility.com.ProductTagging.PT_MSL_TC_10_ToverifyDELETE">
    <skipped/>
  </testcase> <!-- test1 -->
  <testcase name="test1" time="0.001" classname="org.ivymobility.com.ProductTagging.PT_MSL_TC_10_ToverifyDELETE">
    <skipped/>
  </testcase> <!-- test1 -->
  <testcase name="test1" time="0.0" classname="org.ivymobility.com.ProductTagging.PT_MSL_TC_10_ToverifyDELETE">
    <skipped/>
  </testcase> <!-- test1 -->
</testsuite> <!-- PT_MSL_TC_10_ToverifyDELETE Test -->
